# JRE version: OpenJDK Runtime Environment Temurin-21.0.10+7 (21.0.10+7) (build 21.0.10+7-LTS)
# Java VM: OpenJDK 64-Bit Server VM Temurin-21.0.10+7 (21.0.10+7-LTS, mixed mode, sharing, tiered, compressed oops, compressed class ptrs, parallel gc, windows-amd64)
GC Precious Log:
 CardTable entry size: 512
 CPUs: 12 total, 12 available
 Memory: 7899M
 Large Page Support: Disabled
 NUMA Support: Disabled
 Compressed Oops: Enabled (32-bit)
 Alignments: Space 512K, Generation 512K, Heap 2M
 Heap Min Capacity: 100M
 Heap Initial Capacity: 100M
 Heap Max Capacity: 2G
 Pre-touch: Disabled
 Parallel Workers: 10
Heap:
 PSYoungGen      total 10752K, used 675K [0x00000000d5580000, 0x00000000d6180000, 0x0000000100000000)
  eden space 10240K, 2% used [0x00000000d5580000,0x00000000d55b8d40,0x00000000d5f80000)
  from space 512K, 87% used [0x00000000d6100000,0x00000000d6170000,0x00000000d6180000)
  to   space 512K, 0% used [0x00000000d6080000,0x00000000d6080000,0x00000000d6100000)
 ParOldGen       total 106496K, used 106133K [0x0000000080000000, 0x0000000086800000, 0x00000000d5580000)
  object space 106496K, 99% used [0x0000000080000000,0x00000000867a54f0,0x0000000086800000)
 Metaspace       used 69827K, committed 71360K, reserved 1114112K
  class space    used 7541K, committed 8192K, reserved 1048576K
GC Heap History (20 events):
Event: 304.127 GC heap before
{Heap before GC invocations=144 (full 3):
 PSYoungGen      total 11776K, used 11402K [0x00000000d5580000, 0x00000000d6380000, 0x0000000100000000)
  eden space 10752K, 100% used [0x00000000d5580000,0x00000000d6000000,0x00000000d6000000)
  from space 1024K, 63% used [0x00000000d6280000,0x00000000d6322910,0x00000000d6380000)
  to   space 1024K, 0% used [0x00000000d6180000,0x00000000d6180000,0x00000000d6280000)
 ParOldGen       total 74240K, used 71182K [0x0000000080000000, 0x0000000084880000, 0x00000000d5580000)
  object space 74240K, 95% used [0x0000000080000000,0x0000000084583ba0,0x0000000084880000)
 Metaspace       used 63322K, committed 64768K, reserved 1114112K
  class space    used 6726K, committed 7360K, reserved 1048576K
}
Event: 304.129 GC heap after
{Heap after GC invocations=144 (full 3):
 PSYoungGen      total 11264K, used 416K [0x00000000d5580000, 0x00000000d6300000, 0x0000000100000000)
  eden space 10752K, 0% used [0x00000000d5580000,0x00000000d5580000,0x00000000d6000000)
  from space 512K, 81% used [0x00000000d6180000,0x00000000d61e8000,0x00000000d6200000)
  to   space 1024K, 0% used [0x00000000d6200000,0x00000000d6200000,0x00000000d6300000)
 ParOldGen       total 74240K, used 71254K [0x0000000080000000, 0x0000000084880000, 0x00000000d5580000)
  object space 74240K, 95% used [0x0000000080000000,0x0000000084595ba0,0x0000000084880000)
 Metaspace       used 63322K, committed 64768K, reserved 1114112K
  class space    used 6726K, committed 7360K, reserved 1048576K
}
Event: 304.243 GC heap before
{Heap before GC invocations=145 (full 3):
 PSYoungGen      total 11264K, used 11134K [0x00000000d5580000, 0x00000000d6300000, 0x0000000100000000)
  eden space 10752K, 99% used [0x00000000d5580000,0x00000000d5ff7bd8,0x00000000d6000000)
  from space 512K, 81% used [0x00000000d6180000,0x00000000d61e8000,0x00000000d6200000)
  to   space 1024K, 0% used [0x00000000d6200000,0x00000000d6200000,0x00000000d6300000)
 ParOldGen       total 74240K, used 71254K [0x0000000080000000, 0x0000000084880000, 0x00000000d5580000)
  object space 74240K, 95% used [0x0000000080000000,0x0000000084595ba0,0x0000000084880000)
 Metaspace       used 64177K, committed 65600K, reserved 1114112K
  class space    used 6798K, committed 7424K, reserved 1048576K
}
Event: 304.245 GC heap after
{Heap after GC invocations=145 (full 3):
 PSYoungGen      total 11776K, used 1024K [0x00000000d5580000, 0x00000000d6300000, 0x0000000100000000)
  eden space 10752K, 0% used [0x00000000d5580000,0x00000000d5580000,0x00000000d6000000)
  from space 1024K, 100% used [0x00000000d6200000,0x00000000d6300000,0x00000000d6300000)
  to   space 1536K, 0% used [0x00000000d6000000,0x00000000d6000000,0x00000000d6180000)
 ParOldGen       total 74240K, used 71523K [0x0000000080000000, 0x0000000084880000, 0x00000000d5580000)
  object space 74240K, 96% used [0x0000000080000000,0x00000000845d8e30,0x0000000084880000)
 Metaspace       used 64177K, committed 65600K, reserved 1114112K
  class space    used 6798K, committed 7424K, reserved 1048576K
}
Event: 304.427 GC heap before
{Heap before GC invocations=146 (full 3):
 PSYoungGen      total 11776K, used 11776K [0x00000000d5580000, 0x00000000d6300000, 0x0000000100000000)
  eden space 10752K, 100% used [0x00000000d5580000,0x00000000d6000000,0x00000000d6000000)
  from space 1024K, 100% used [0x00000000d6200000,0x00000000d6300000,0x00000000d6300000)
  to   space 1536K, 0% used [0x00000000d6000000,0x00000000d6000000,0x00000000d6180000)
 ParOldGen       total 74240K, used 71523K [0x0000000080000000, 0x0000000084880000, 0x00000000d5580000)
  object space 74240K, 96% used [0x0000000080000000,0x00000000845d8e30,0x0000000084880000)
 Metaspace       used 64815K, committed 66240K, reserved 1114112K
  class space    used 6874K, committed 7488K, reserved 1048576K
}
Event: 304.428 GC heap after
{Heap after GC invocations=146 (full 3):
 PSYoungGen      total 12288K, used 576K [0x00000000d5580000, 0x00000000d6280000, 0x0000000100000000)
  eden space 10752K, 0% used [0x00000000d5580000,0x00000000d5580000,0x00000000d6000000)
  from space 1536K, 37% used [0x00000000d6000000,0x00000000d6090020,0x00000000d6180000)
  to   space 1024K, 0% used [0x00000000d6180000,0x00000000d6180000,0x00000000d6280000)
 ParOldGen       total 74240K, used 72504K [0x0000000080000000, 0x0000000084880000, 0x00000000d5580000)
  object space 74240K, 97% used [0x0000000080000000,0x00000000846ce1f8,0x0000000084880000)
 Metaspace       used 64815K, committed 66240K, reserved 1114112K
  class space    used 6874K, committed 7488K, reserved 1048576K
}
Event: 304.539 GC heap before
{Heap before GC invocations=147 (full 3):
 PSYoungGen      total 12288K, used 11328K [0x00000000d5580000, 0x00000000d6280000, 0x0000000100000000)
  eden space 10752K, 100% used [0x00000000d5580000,0x00000000d6000000,0x00000000d6000000)
  from space 1536K, 37% used [0x00000000d6000000,0x00000000d6090020,0x00000000d6180000)
  to   space 1024K, 0% used [0x00000000d6180000,0x00000000d6180000,0x00000000d6280000)
 ParOldGen       total 74240K, used 72504K [0x0000000080000000, 0x0000000084880000, 0x00000000d5580000)
  object space 74240K, 97% used [0x0000000080000000,0x00000000846ce1f8,0x0000000084880000)
 Metaspace       used 65378K, committed 66880K, reserved 1114112K
  class space    used 6966K, committed 7616K, reserved 1048576K
}
Event: 304.541 GC heap after
{Heap after GC invocations=147 (full 3):
 PSYoungGen      total 11264K, used 1024K [0x00000000d5580000, 0x00000000d6400000, 0x0000000100000000)
  eden space 10240K, 0% used [0x00000000d5580000,0x00000000d5580000,0x00000000d5f80000)
  from space 1024K, 100% used [0x00000000d6180000,0x00000000d6280000,0x00000000d6280000)
  to   space 2048K, 0% used [0x00000000d5f80000,0x00000000d5f80000,0x00000000d6180000)
 ParOldGen       total 74240K, used 72985K [0x0000000080000000, 0x0000000084880000, 0x00000000d5580000)
  object space 74240K, 98% used [0x0000000080000000,0x00000000847466c8,0x0000000084880000)
 Metaspace       used 65378K, committed 66880K, reserved 1114112K
  class space    used 6966K, committed 7616K, reserved 1048576K
}
Event: 304.584 GC heap before
{Heap before GC invocations=148 (full 3):
 PSYoungGen      total 11264K, used 11264K [0x00000000d5580000, 0x00000000d6400000, 0x0000000100000000)
  eden space 10240K, 100% used [0x00000000d5580000,0x00000000d5f80000,0x00000000d5f80000)
  from space 1024K, 100% used [0x00000000d6180000,0x00000000d6280000,0x00000000d6280000)
  to   space 2048K, 0% used [0x00000000d5f80000,0x00000000d5f80000,0x00000000d6180000)
 ParOldGen       total 74240K, used 72985K [0x0000000080000000, 0x0000000084880000, 0x00000000d5580000)
  object space 74240K, 98% used [0x0000000080000000,0x00000000847466c8,0x0000000084880000)
 Metaspace       used 65512K, committed 67008K, reserved 1114112K
  class space    used 6984K, committed 7616K, reserved 1048576K
}
Event: 304.585 GC heap after
{Heap after GC invocations=148 (full 3):
 PSYoungGen      total 11264K, used 672K [0x00000000d5580000, 0x00000000d6200000, 0x0000000100000000)
  eden space 10240K, 0% used [0x00000000d5580000,0x00000000d5580000,0x00000000d5f80000)
  from space 1024K, 65% used [0x00000000d5f80000,0x00000000d6028000,0x00000000d6080000)
  to   space 1024K, 0% used [0x00000000d6100000,0x00000000d6100000,0x00000000d6200000)
 ParOldGen       total 74240K, used 73961K [0x0000000080000000, 0x0000000084880000, 0x00000000d5580000)
  object space 74240K, 99% used [0x0000000080000000,0x000000008483a6e8,0x0000000084880000)
 Metaspace       used 65512K, committed 67008K, reserved 1114112K
  class space    used 6984K, committed 7616K, reserved 1048576K
}
Event: 304.742 GC heap before
{Heap before GC invocations=149 (full 3):
 PSYoungGen      total 11264K, used 10912K [0x00000000d5580000, 0x00000000d6200000, 0x0000000100000000)
  eden space 10240K, 100% used [0x00000000d5580000,0x00000000d5f80000,0x00000000d5f80000)
  from space 1024K, 65% used [0x00000000d5f80000,0x00000000d6028000,0x00000000d6080000)
  to   space 1024K, 0% used [0x00000000d6100000,0x00000000d6100000,0x00000000d6200000)
 ParOldGen       total 105984K, used 104681K [0x0000000080000000, 0x0000000086780000, 0x00000000d5580000)
  object space 105984K, 98% used [0x0000000080000000,0x000000008663a718,0x0000000086780000)
 Metaspace       used 66513K, committed 68032K, reserved 1114112K
  class space    used 7095K, committed 7744K, reserved 1048576K
}
Event: 304.743 GC heap after
{Heap after GC invocations=149 (full 3):
 PSYoungGen      total 11264K, used 618K [0x00000000d5580000, 0x00000000d6200000, 0x0000000100000000)
  eden space 10240K, 0% used [0x00000000d5580000,0x00000000d5580000,0x00000000d5f80000)
  from space 1024K, 60% used [0x00000000d6100000,0x00000000d619a9b8,0x00000000d6200000)
  to   space 1024K, 0% used [0x00000000d5f80000,0x00000000d5f80000,0x00000000d6080000)
 ParOldGen       total 105984K, used 105135K [0x0000000080000000, 0x0000000086780000, 0x00000000d5580000)
  object space 105984K, 99% used [0x0000000080000000,0x00000000866abe40,0x0000000086780000)
 Metaspace       used 66513K, committed 68032K, reserved 1114112K
  class space    used 7095K, committed 7744K, reserved 1048576K
}
Event: 304.780 GC heap before
{Heap before GC invocations=150 (full 3):
 PSYoungGen      total 11264K, used 10858K [0x00000000d5580000, 0x00000000d6200000, 0x0000000100000000)
  eden space 10240K, 100% used [0x00000000d5580000,0x00000000d5f80000,0x00000000d5f80000)
  from space 1024K, 60% used [0x00000000d6100000,0x00000000d619a9b8,0x00000000d6200000)
  to   space 1024K, 0% used [0x00000000d5f80000,0x00000000d5f80000,0x00000000d6080000)
 ParOldGen       total 105984K, used 105135K [0x0000000080000000, 0x0000000086780000, 0x00000000d5580000)
  object space 105984K, 99% used [0x0000000080000000,0x00000000866abe40,0x0000000086780000)
 Metaspace       used 66560K, committed 68096K, reserved 1114112K
  class space    used 7099K, committed 7744K, reserved 1048576K
}
Event: 304.781 GC heap after
{Heap after GC invocations=150 (full 3):
 PSYoungGen      total 11264K, used 288K [0x00000000d5580000, 0x00000000d6180000, 0x0000000100000000)
  eden space 10240K, 0% used [0x00000000d5580000,0x00000000d5580000,0x00000000d5f80000)
  from space 1024K, 28% used [0x00000000d5f80000,0x00000000d5fc8000,0x00000000d6080000)
  to   space 512K, 0% used [0x00000000d6100000,0x00000000d6100000,0x00000000d6180000)
 ParOldGen       total 105984K, used 105590K [0x0000000080000000, 0x0000000086780000, 0x00000000d5580000)
  object space 105984K, 99% used [0x0000000080000000,0x000000008671d8d0,0x0000000086780000)
 Metaspace       used 66560K, committed 68096K, reserved 1114112K
  class space    used 7099K, committed 7744K, reserved 1048576K
}
Event: 304.993 GC heap before
{Heap before GC invocations=151 (full 3):
 PSYoungGen      total 11264K, used 10528K [0x00000000d5580000, 0x00000000d6180000, 0x0000000100000000)
  eden space 10240K, 100% used [0x00000000d5580000,0x00000000d5f80000,0x00000000d5f80000)
  from space 1024K, 28% used [0x00000000d5f80000,0x00000000d5fc8000,0x00000000d6080000)
  to   space 512K, 0% used [0x00000000d6100000,0x00000000d6100000,0x00000000d6180000)
 ParOldGen       total 105984K, used 105590K [0x0000000080000000, 0x0000000086780000, 0x00000000d5580000)
  object space 105984K, 99% used [0x0000000080000000,0x000000008671d8d0,0x0000000086780000)
 Metaspace       used 67608K, committed 69184K, reserved 1114112K
  class space    used 7193K, committed 7872K, reserved 1048576K
}
Event: 304.994 GC heap after
{Heap after GC invocations=151 (full 3):
 PSYoungGen      total 10752K, used 465K [0x00000000d5580000, 0x00000000d6180000, 0x0000000100000000)
  eden space 10240K, 0% used [0x00000000d5580000,0x00000000d5580000,0x00000000d5f80000)
  from space 512K, 90% used [0x00000000d6100000,0x00000000d61745c8,0x00000000d6180000)
  to   space 512K, 0% used [0x00000000d6080000,0x00000000d6080000,0x00000000d6100000)
 ParOldGen       total 105984K, used 105654K [0x0000000080000000, 0x0000000086780000, 0x00000000d5580000)
  object space 105984K, 99% used [0x0000000080000000,0x000000008672d8e0,0x0000000086780000)
 Metaspace       used 67608K, committed 69184K, reserved 1114112K
  class space    used 7193K, committed 7872K, reserved 1048576K
}
Event: 305.057 GC heap before
{Heap before GC invocations=152 (full 3):
 PSYoungGen      total 10752K, used 10705K [0x00000000d5580000, 0x00000000d6180000, 0x0000000100000000)
  eden space 10240K, 100% used [0x00000000d5580000,0x00000000d5f80000,0x00000000d5f80000)
  from space 512K, 90% used [0x00000000d6100000,0x00000000d61745c8,0x00000000d6180000)
  to   space 512K, 0% used [0x00000000d6080000,0x00000000d6080000,0x00000000d6100000)
 ParOldGen       total 105984K, used 105654K [0x0000000080000000, 0x0000000086780000, 0x00000000d5580000)
  object space 105984K, 99% used [0x0000000080000000,0x000000008672d8e0,0x0000000086780000)
 Metaspace       used 68639K, committed 70208K, reserved 1114112K
  class space    used 7371K, committed 8064K, reserved 1048576K
}
Event: 305.058 GC heap after
{Heap after GC invocations=152 (full 3):
 PSYoungGen      total 10752K, used 368K [0x00000000d5580000, 0x00000000d6180000, 0x0000000100000000)
  eden space 10240K, 0% used [0x00000000d5580000,0x00000000d5580000,0x00000000d5f80000)
  from space 512K, 71% used [0x00000000d6080000,0x00000000d60dc010,0x00000000d6100000)
  to   space 512K, 0% used [0x00000000d6100000,0x00000000d6100000,0x00000000d6180000)
 ParOldGen       total 105984K, used 105949K [0x0000000080000000, 0x0000000086780000, 0x00000000d5580000)
  object space 105984K, 99% used [0x0000000080000000,0x00000000867774c0,0x0000000086780000)
 Metaspace       used 68639K, committed 70208K, reserved 1114112K
  class space    used 7371K, committed 8064K, reserved 1048576K
}
Event: 306.232 GC heap before
{Heap before GC invocations=153 (full 3):
 PSYoungGen      total 10752K, used 10608K [0x00000000d5580000, 0x00000000d6180000, 0x0000000100000000)
  eden space 10240K, 100% used [0x00000000d5580000,0x00000000d5f80000,0x00000000d5f80000)
  from space 512K, 71% used [0x00000000d6080000,0x00000000d60dc010,0x00000000d6100000)
  to   space 512K, 0% used [0x00000000d6100000,0x00000000d6100000,0x00000000d6180000)
 ParOldGen       total 105984K, used 105949K [0x0000000080000000, 0x0000000086780000, 0x00000000d5580000)
  object space 105984K, 99% used [0x0000000080000000,0x00000000867774c0,0x0000000086780000)
 Metaspace       used 69813K, committed 71360K, reserved 1114112K
  class space    used 7540K, committed 8192K, reserved 1048576K
}
Event: 306.233 GC heap after
{Heap after GC invocations=153 (full 3):
 PSYoungGen      total 10752K, used 448K [0x00000000d5580000, 0x00000000d6180000, 0x0000000100000000)
  eden space 10240K, 0% used [0x00000000d5580000,0x00000000d5580000,0x00000000d5f80000)
  from space 512K, 87% used [0x00000000d6100000,0x00000000d6170000,0x00000000d6180000)
  to   space 512K, 0% used [0x00000000d6080000,0x00000000d6080000,0x00000000d6100000)
 ParOldGen       total 106496K, used 106133K [0x0000000080000000, 0x0000000086800000, 0x00000000d5580000)
  object space 106496K, 99% used [0x0000000080000000,0x00000000867a54f0,0x0000000086800000)
 Metaspace       used 69813K, committed 71360K, reserved 1114112K
  class space    used 7540K, committed 8192K, reserved 1048576K
}

